npm error code ERESOLVE
npm error ERESOLVE unable to resolve dependency tree
npm error
npm error While resolving: ollis-astro-club@0.1.0
npm error Found: storybook@7.6.20
npm error node_modules/storybook
npm error   dev storybook@"^7.5.0" from the root project
npm error
npm error Could not resolve dependency:
npm error peer storybook@"^9.1.7" from eslint-plugin-storybook@9.1.7
npm error node_modules/eslint-plugin-storybook
npm error   dev eslint-plugin-storybook@"*" from the root project
npm error
npm error Fix the upstream dependency conflict, or retry
npm error this command with --force or --legacy-peer-deps
npm error to accept an incorrect (and potentially broken) dependency resolution.
npm error
npm error
npm error For a full report see:
npm error /Users/user001/.npm/_logs/2025-09-20T09_48_18_374Z-eresolve-report.txt
npm error A complete log of this run can be found in: /Users/user001/.npm/_logs/2025-09-20T09_48_18_374Z-debug-0.log
